[Spider][INFO]2020-09-20 21:37:12,608: Launching spider.
[Spider][INFO]2020-09-20 21:38:18,098: Launching spider.
[Spider][ERROR]2020-09-20 21:38:18,114: Could not add browser (500): http://0.0.0.0:8000/new_browser
[Spider][INFO]2020-09-20 21:38:28,122: Shutting down...
[Spider][INFO]2020-09-20 21:38:29,121: Cancelling 0 outstanding tasks.
[Spider][INFO]2020-09-20 21:38:29,122: Shutdown complete.
[Spider][INFO]2020-09-20 21:39:22,782: Launching spider.
[Spider][INFO]2020-09-20 21:39:23,851: Add Browser (200): {'dev_tools': 'ws://127.0.0.1:57379/devtools/browser/0275a635-e602-4d2f-9d79-63a70072ee5b',
 'launch_opts': {'args': ['--disable-web-security',
                          '--no-sandbox',
                          '--start-maximized',
                          '--blink-settings=imagesEnabled=false'],
                 'defaultViewport': {},
                 'executablePath': '/usr/bin/google-chrome-stable',
                 'headless': False,
                 'ignoreDefaultArgs': ['--disable-popup-blocking',
                                       '--disable-extensions'],
                 'ignoreHTTPSErrors': True}}
[Spider][INFO]2020-09-20 21:39:23,852: Connecting to browser: ws://127.0.0.1:57379/devtools/browser/0275a635-e602-4d2f-9d79-63a70072ee5b
[Spider][INFO]2020-09-20 21:39:33,862: Shutting down...
[Spider][INFO]2020-09-20 21:39:34,807: Cancelling 0 outstanding tasks.
[Spider][INFO]2020-09-20 21:39:34,808: Shutdown complete.
[Spider][INFO]2020-09-20 21:41:45,345: Launching spider.
[Spider][INFO]2020-09-20 21:41:46,432: Add Browser (200): {'dev_tools': 'ws://127.0.0.1:55245/devtools/browser/a59c0be4-3232-4ba5-a733-7c6c5eb14548',
 'launch_opts': {'args': ['--disable-web-security',
                          '--no-sandbox',
                          '--start-maximized',
                          '--blink-settings=imagesEnabled=false'],
                 'defaultViewport': {},
                 'executablePath': '/usr/bin/google-chrome-stable',
                 'headless': False,
                 'ignoreDefaultArgs': ['--disable-popup-blocking',
                                       '--disable-extensions'],
                 'ignoreHTTPSErrors': True}}
[Spider][INFO]2020-09-20 21:41:46,433: Connecting to browser: ws://127.0.0.1:55245/devtools/browser/a59c0be4-3232-4ba5-a733-7c6c5eb14548
[Spider][INFO]2020-09-20 21:41:56,442: Shutting down...
[Spider][INFO]2020-09-20 21:41:57,356: Cancelling 0 outstanding tasks.
[Spider][INFO]2020-09-20 21:41:57,357: Shutdown complete.
[Spider][INFO]2020-09-20 21:44:59,118: Launching spider.
[Spider][INFO]2020-09-20 21:45:00,302: Add Browser (200): {'dev_tools': 'ws://127.0.0.1:33697/devtools/browser/7a8d046a-d9b6-4f60-8e17-39e364a5d7d9',
 'launch_opts': {'args': ['--disable-web-security',
                          '--no-sandbox',
                          '--start-maximized',
                          '--blink-settings=imagesEnabled=false'],
                 'defaultViewport': {},
                 'executablePath': '/usr/bin/google-chrome-stable',
                 'headless': False,
                 'ignoreDefaultArgs': ['--disable-popup-blocking',
                                       '--disable-extensions'],
                 'ignoreHTTPSErrors': True}}
[Spider][INFO]2020-09-20 21:45:00,303: Connecting to browser: ws://127.0.0.1:33697/devtools/browser/7a8d046a-d9b6-4f60-8e17-39e364a5d7d9
[Spider][INFO]2020-09-20 21:45:00,611: Finished initializing browser at ws://127.0.0.1:33697/devtools/browser/7a8d046a-d9b6-4f60-8e17-39e364a5d7d9: <pyppeteer.browser.Browser object at 0x7f6c821dd250>
[Spider][INFO]2020-09-20 21:47:19,763: Launching spider.
[Spider][INFO]2020-09-20 21:47:21,099: Add Browser (200): {'dev_tools': 'ws://127.0.0.1:45377/devtools/browser/4b1e1399-02ba-4334-96ea-c51a1e6714a3',
 'launch_opts': {'args': ['--disable-web-security',
                          '--no-sandbox',
                          '--start-maximized',
                          '--blink-settings=imagesEnabled=false'],
                 'defaultViewport': {},
                 'executablePath': '/usr/bin/google-chrome-stable',
                 'headless': False,
                 'ignoreDefaultArgs': ['--disable-popup-blocking',
                                       '--disable-extensions'],
                 'ignoreHTTPSErrors': True}}
[Spider][INFO]2020-09-20 21:47:21,099: Connecting to browser: ws://127.0.0.1:45377/devtools/browser/4b1e1399-02ba-4334-96ea-c51a1e6714a3
[Spider][INFO]2020-09-20 21:47:21,427: Finished initializing browser at ws://127.0.0.1:45377/devtools/browser/4b1e1399-02ba-4334-96ea-c51a1e6714a3: <pyppeteer.browser.Browser object at 0x7fb42fa28250>
[Spider][INFO]2020-09-20 21:48:21,332: Launching spider.
[Spider][INFO]2020-09-20 21:48:22,654: Add Browser (200): {'dev_tools': 'ws://127.0.0.1:38713/devtools/browser/4bbef729-3591-4df8-9b84-5118d4242761',
 'launch_opts': {'args': ['--disable-web-security',
                          '--no-sandbox',
                          '--start-maximized',
                          '--blink-settings=imagesEnabled=false'],
                 'defaultViewport': {},
                 'executablePath': '/usr/bin/google-chrome-stable',
                 'headless': False,
                 'ignoreDefaultArgs': ['--disable-popup-blocking',
                                       '--disable-extensions'],
                 'ignoreHTTPSErrors': True}}
[Spider][INFO]2020-09-20 21:48:22,655: Connecting to browser: ws://127.0.0.1:38713/devtools/browser/4bbef729-3591-4df8-9b84-5118d4242761
[Spider][INFO]2020-09-20 21:48:23,051: Finished initializing browser at ws://127.0.0.1:38713/devtools/browser/4bbef729-3591-4df8-9b84-5118d4242761: <pyppeteer.browser.Browser object at 0x7f5a680d5250>
[Spider][INFO]2020-09-20 21:50:15,739: Launching spider.
[Spider][INFO]2020-09-20 21:50:17,077: Add Browser (200): {'dev_tools': 'ws://127.0.0.1:47753/devtools/browser/0438b06f-6793-468f-bc02-cdbfea23ff7b',
 'launch_opts': {'args': ['--disable-web-security',
                          '--no-sandbox',
                          '--start-maximized',
                          '--blink-settings=imagesEnabled=false'],
                 'defaultViewport': {},
                 'executablePath': '/usr/bin/google-chrome-stable',
                 'headless': False,
                 'ignoreDefaultArgs': ['--disable-popup-blocking',
                                       '--disable-extensions'],
                 'ignoreHTTPSErrors': True}}
[Spider][INFO]2020-09-20 21:50:17,078: Connecting to browser: ws://127.0.0.1:47753/devtools/browser/0438b06f-6793-468f-bc02-cdbfea23ff7b
[Spider][INFO]2020-09-20 21:50:17,436: Finished initializing browser at ws://127.0.0.1:47753/devtools/browser/0438b06f-6793-468f-bc02-cdbfea23ff7b: <pyppeteer.browser.Browser object at 0x7fe64ddb7250>
[Spider][INFO]2020-09-20 21:53:23,612: Launching spider.
[Spider][INFO]2020-09-20 21:53:24,740: Add Browser (200): {'dev_tools': 'ws://127.0.0.1:58991/devtools/browser/04ed0fc8-4448-4e14-8849-96a2fdf0776f',
 'launch_opts': {'args': ['--disable-web-security',
                          '--no-sandbox',
                          '--start-maximized',
                          '--blink-settings=imagesEnabled=false'],
                 'defaultViewport': {},
                 'executablePath': '/usr/bin/google-chrome-stable',
                 'headless': False,
                 'ignoreDefaultArgs': ['--disable-popup-blocking',
                                       '--disable-extensions'],
                 'ignoreHTTPSErrors': True}}
[Spider][INFO]2020-09-20 21:53:24,741: Connecting to browser: ws://127.0.0.1:58991/devtools/browser/04ed0fc8-4448-4e14-8849-96a2fdf0776f
[Spider][INFO]2020-09-20 21:53:24,999: Finished initializing browser at ws://127.0.0.1:58991/devtools/browser/04ed0fc8-4448-4e14-8849-96a2fdf0776f: <pyppeteer.browser.Browser object at 0x7f3be6629250>
[Spider][INFO]2020-09-20 21:53:28,199: [200] (Browser 139895245017680, Page 139895244664352) https://www.amazon.com/
[Spider][INFO]2020-09-20 21:53:28,780: Shutting down...
[Spider][INFO]2020-09-20 21:53:29,901: Cancelling 1 outstanding tasks.
[Spider][INFO]2020-09-20 21:53:29,905: Shutting down browser: <pyppeteer.browser.Browser object at 0x7f3be6629250>
[Spider][INFO]2020-09-20 21:53:29,997: Shutdown complete.
[Spider][INFO]2020-09-20 21:57:15,738: Launching spider.
[Spider][INFO]2020-09-20 21:57:16,959: Add Browser (200): {'dev_tools': 'ws://127.0.0.1:47643/devtools/browser/54e66919-7fc7-48d1-9a37-b3fd559bf9b6',
 'launch_opts': {'args': ['--disable-web-security',
                          '--no-sandbox',
                          '--start-maximized',
                          '--blink-settings=imagesEnabled=false'],
                 'defaultViewport': {},
                 'executablePath': '/usr/bin/google-chrome-stable',
                 'headless': False,
                 'ignoreDefaultArgs': ['--disable-popup-blocking',
                                       '--disable-extensions'],
                 'ignoreHTTPSErrors': True}}
[Spider][INFO]2020-09-20 21:57:16,960: Connecting to browser: ws://127.0.0.1:47643/devtools/browser/54e66919-7fc7-48d1-9a37-b3fd559bf9b6
[Spider][INFO]2020-09-20 21:57:17,232: Finished initializing browser at ws://127.0.0.1:47643/devtools/browser/54e66919-7fc7-48d1-9a37-b3fd559bf9b6: <pyppeteer.browser.Browser object at 0x7f04eaf2d250>
[Spider][INFO]2020-09-20 21:57:19,263: [200] (Browser 139659098378832, Page 139659098029504) https://www.amazon.com/
[Spider][INFO]2020-09-20 21:57:29,681: Shutting down...
[Spider][INFO]2020-09-20 21:57:30,755: Cancelling 1 outstanding tasks.
[Spider][INFO]2020-09-20 21:57:30,757: Shutting down browser: <pyppeteer.browser.Browser object at 0x7f04eaf2d250>
[Spider][INFO]2020-09-20 21:57:30,763: Shutdown complete.
[Spider][INFO]2020-09-20 21:59:33,138: Launching spider.
[Spider][INFO]2020-09-20 21:59:34,206: Add Browser (200): {'dev_tools': 'ws://127.0.0.1:35769/devtools/browser/961a1cb7-f66f-42c8-a823-3ed53e11389f',
 'launch_opts': {'args': ['--disable-web-security',
                          '--no-sandbox',
                          '--start-maximized',
                          '--blink-settings=imagesEnabled=false'],
                 'defaultViewport': {},
                 'executablePath': '/usr/bin/google-chrome-stable',
                 'headless': False,
                 'ignoreDefaultArgs': ['--disable-popup-blocking',
                                       '--disable-extensions'],
                 'ignoreHTTPSErrors': True}}
[Spider][INFO]2020-09-20 21:59:34,207: Connecting to browser: ws://127.0.0.1:35769/devtools/browser/961a1cb7-f66f-42c8-a823-3ed53e11389f
[Spider][INFO]2020-09-20 21:59:34,478: Finished initializing browser at ws://127.0.0.1:35769/devtools/browser/961a1cb7-f66f-42c8-a823-3ed53e11389f: <pyppeteer.browser.Browser object at 0x7f6ca80ef250>
[Spider][INFO]2020-09-20 21:59:36,327: [200] (Browser 140104652747344, Page 140104652396576) https://www.amazon.com/
[Spider][INFO]2020-09-20 21:59:46,806: Shutting down...
[Spider][INFO]2020-09-20 21:59:47,783: Cancelling 1 outstanding tasks.
[Spider][INFO]2020-09-20 21:59:47,785: Shutting down browser: <pyppeteer.browser.Browser object at 0x7f6ca80ef250>
[Spider][INFO]2020-09-20 21:59:47,789: Shutdown complete.
[Spider][INFO]2020-09-20 22:04:48,651: Launching spider.
[Spider][INFO]2020-09-20 22:04:49,763: Add Browser (200): {'dev_tools': 'ws://127.0.0.1:41929/devtools/browser/03a9cb05-6c17-4ebb-b7d6-1ec845cd59a8',
 'launch_opts': {'args': ['--disable-web-security',
                          '--no-sandbox',
                          '--start-maximized',
                          '--blink-settings=imagesEnabled=false'],
                 'defaultViewport': {},
                 'executablePath': '/usr/bin/google-chrome-stable',
                 'headless': False,
                 'ignoreDefaultArgs': ['--disable-popup-blocking',
                                       '--disable-extensions'],
                 'ignoreHTTPSErrors': True}}
[Spider][INFO]2020-09-20 22:04:49,763: Connecting to browser: ws://127.0.0.1:41929/devtools/browser/03a9cb05-6c17-4ebb-b7d6-1ec845cd59a8
[Spider][INFO]2020-09-20 22:04:50,051: Finished initializing browser at ws://127.0.0.1:41929/devtools/browser/03a9cb05-6c17-4ebb-b7d6-1ec845cd59a8: <pyppeteer.browser.Browser object at 0x7f4338ace250>
[Spider][INFO]2020-09-20 22:04:52,051: [200] (Browser 139926690390608, Page 139926690041280) https://www.amazon.com/
[Spider][INFO]2020-09-20 22:05:02,470: Shutting down...
[Spider][INFO]2020-09-20 22:05:03,437: Cancelling 1 outstanding tasks.
[Spider][INFO]2020-09-20 22:05:03,438: Shutting down browser: <pyppeteer.browser.Browser object at 0x7f4338ace250>
[Spider][INFO]2020-09-20 22:05:03,441: Shutdown complete.
